SFGUI-s-d.lib(Adjustment.obj) : warning LNK4099: PDB 'SFGUI.pdb' was not found with 'SFGUI-s-d.lib(Adjustment.obj)' or at 'C:\Users\Mi Ra\source\repos\game\Debug\SFGUI.pdb'; linking object as if no debug info
SFGUI-s-d.lib(Bin.obj) : warning LNK4099: PDB 'SFGUI.pdb' was not found with 'SFGUI-s-d.lib(Bin.obj)' or at 'C:\Users\Mi Ra\source\repos\game\Debug\SFGUI.pdb'; linking object as if no debug info
SFGUI-s-d.lib(Box.obj) : warning LNK4099: PDB 'SFGUI.pdb' was not found with 'SFGUI-s-d.lib(Box.obj)' or at 'C:\Users\Mi Ra\source\repos\game\Debug\SFGUI.pdb'; linking object as if no debug info
SFGUI-s-d.lib(Container.obj) : warning LNK4099: PDB 'SFGUI.pdb' was not found with 'SFGUI-s-d.lib(Container.obj)' or at 'C:\Users\Mi Ra\source\repos\game\Debug\SFGUI.pdb'; linking object as if no debug info
SFGUI-s-d.lib(Context.obj) : warning LNK4099: PDB 'SFGUI.pdb' was not found with 'SFGUI-s-d.lib(Context.obj)' or at 'C:\Users\Mi Ra\source\repos\game\Debug\SFGUI.pdb'; linking object as if no debug info
SFGUI-s-d.lib(DejaVuSansFont.obj) : warning LNK4099: PDB 'SFGUI.pdb' was not found with 'SFGUI-s-d.lib(DejaVuSansFont.obj)' or at 'C:\Users\Mi Ra\source\repos\game\Debug\SFGUI.pdb'; linking object as if no debug info
SFGUI-s-d.lib(Desktop.obj) : warning LNK4099: PDB 'SFGUI.pdb' was not found with 'SFGUI-s-d.lib(Desktop.obj)' or at 'C:\Users\Mi Ra\source\repos\game\Debug\SFGUI.pdb'; linking object as if no debug info
SFGUI-s-d.lib(Engine.obj) : warning LNK4099: PDB 'SFGUI.pdb' was not found with 'SFGUI-s-d.lib(Engine.obj)' or at 'C:\Users\Mi Ra\source\repos\game\Debug\SFGUI.pdb'; linking object as if no debug info
SFGUI-s-d.lib(BREW.obj) : warning LNK4099: PDB 'SFGUI.pdb' was not found with 'SFGUI-s-d.lib(BREW.obj)' or at 'C:\Users\Mi Ra\source\repos\game\Debug\SFGUI.pdb'; linking object as if no debug info
SFGUI-s-d.lib(FileResourceLoader.obj) : warning LNK4099: PDB 'SFGUI.pdb' was not found with 'SFGUI-s-d.lib(FileResourceLoader.obj)' or at 'C:\Users\Mi Ra\source\repos\game\Debug\SFGUI.pdb'; linking object as if no debug info
SFGUI-s-d.lib(GLCheck.obj) : warning LNK4099: PDB 'SFGUI.pdb' was not found with 'SFGUI-s-d.lib(GLCheck.obj)' or at 'C:\Users\Mi Ra\source\repos\game\Debug\SFGUI.pdb'; linking object as if no debug info
SFGUI-s-d.lib(GLLoader.obj) : warning LNK4099: PDB 'SFGUI.pdb' was not found with 'SFGUI-s-d.lib(GLLoader.obj)' or at 'C:\Users\Mi Ra\source\repos\game\Debug\SFGUI.pdb'; linking object as if no debug info
SFGUI-s-d.lib(Misc.obj) : warning LNK4099: PDB 'SFGUI.pdb' was not found with 'SFGUI-s-d.lib(Misc.obj)' or at 'C:\Users\Mi Ra\source\repos\game\Debug\SFGUI.pdb'; linking object as if no debug info
SFGUI-s-d.lib(Object.obj) : warning LNK4099: PDB 'SFGUI.pdb' was not found with 'SFGUI-s-d.lib(Object.obj)' or at 'C:\Users\Mi Ra\source\repos\game\Debug\SFGUI.pdb'; linking object as if no debug info
SFGUI-s-d.lib(Grammar.obj) : warning LNK4099: PDB 'SFGUI.pdb' was not found with 'SFGUI-s-d.lib(Grammar.obj)' or at 'C:\Users\Mi Ra\source\repos\game\Debug\SFGUI.pdb'; linking object as if no debug info
SFGUI-s-d.lib(GrammarPredicates.obj) : warning LNK4099: PDB 'SFGUI.pdb' was not found with 'SFGUI-s-d.lib(GrammarPredicates.obj)' or at 'C:\Users\Mi Ra\source\repos\game\Debug\SFGUI.pdb'; linking object as if no debug info
SFGUI-s-d.lib(GrammarSelector.obj) : warning LNK4099: PDB 'SFGUI.pdb' was not found with 'SFGUI-s-d.lib(GrammarSelector.obj)' or at 'C:\Users\Mi Ra\source\repos\game\Debug\SFGUI.pdb'; linking object as if no debug info
SFGUI-s-d.lib(GrammarSimpleSelector.obj) : warning LNK4099: PDB 'SFGUI.pdb' was not found with 'SFGUI-s-d.lib(GrammarSimpleSelector.obj)' or at 'C:\Users\Mi Ra\source\repos\game\Debug\SFGUI.pdb'; linking object as if no debug info
SFGUI-s-d.lib(GrammarStatement.obj) : warning LNK4099: PDB 'SFGUI.pdb' was not found with 'SFGUI-s-d.lib(GrammarStatement.obj)' or at 'C:\Users\Mi Ra\source\repos\game\Debug\SFGUI.pdb'; linking object as if no debug info
SFGUI-s-d.lib(GrammarToken.obj) : warning LNK4099: PDB 'SFGUI.pdb' was not found with 'SFGUI-s-d.lib(GrammarToken.obj)' or at 'C:\Users\Mi Ra\source\repos\game\Debug\SFGUI.pdb'; linking object as if no debug info
SFGUI-s-d.lib(Parse.obj) : warning LNK4099: PDB 'SFGUI.pdb' was not found with 'SFGUI-s-d.lib(Parse.obj)' or at 'C:\Users\Mi Ra\source\repos\game\Debug\SFGUI.pdb'; linking object as if no debug info
SFGUI-s-d.lib(Primitive.obj) : warning LNK4099: PDB 'SFGUI.pdb' was not found with 'SFGUI-s-d.lib(Primitive.obj)' or at 'C:\Users\Mi Ra\source\repos\game\Debug\SFGUI.pdb'; linking object as if no debug info
SFGUI-s-d.lib(PrimitiveTexture.obj) : warning LNK4099: PDB 'SFGUI.pdb' was not found with 'SFGUI-s-d.lib(PrimitiveTexture.obj)' or at 'C:\Users\Mi Ra\source\repos\game\Debug\SFGUI.pdb'; linking object as if no debug info
SFGUI-s-d.lib(PrimitiveVertex.obj) : warning LNK4099: PDB 'SFGUI.pdb' was not found with 'SFGUI-s-d.lib(PrimitiveVertex.obj)' or at 'C:\Users\Mi Ra\source\repos\game\Debug\SFGUI.pdb'; linking object as if no debug info
SFGUI-s-d.lib(Range.obj) : warning LNK4099: PDB 'SFGUI.pdb' was not found with 'SFGUI-s-d.lib(Range.obj)' or at 'C:\Users\Mi Ra\source\repos\game\Debug\SFGUI.pdb'; linking object as if no debug info
SFGUI-s-d.lib(RenderQueue.obj) : warning LNK4099: PDB 'SFGUI.pdb' was not found with 'SFGUI-s-d.lib(RenderQueue.obj)' or at 'C:\Users\Mi Ra\source\repos\game\Debug\SFGUI.pdb'; linking object as if no debug info
SFGUI-s-d.lib(Renderer.obj) : warning LNK4099: PDB 'SFGUI.pdb' was not found with 'SFGUI-s-d.lib(Renderer.obj)' or at 'C:\Users\Mi Ra\source\repos\game\Debug\SFGUI.pdb'; linking object as if no debug info
SFGUI-s-d.lib(RendererViewport.obj) : warning LNK4099: PDB 'SFGUI.pdb' was not found with 'SFGUI-s-d.lib(RendererViewport.obj)' or at 'C:\Users\Mi Ra\source\repos\game\Debug\SFGUI.pdb'; linking object as if no debug info
SFGUI-s-d.lib(NonLegacyRenderer.obj) : warning LNK4099: PDB 'SFGUI.pdb' was not found with 'SFGUI-s-d.lib(NonLegacyRenderer.obj)' or at 'C:\Users\Mi Ra\source\repos\game\Debug\SFGUI.pdb'; linking object as if no debug info
SFGUI-s-d.lib(VertexArrayRenderer.obj) : warning LNK4099: PDB 'SFGUI.pdb' was not found with 'SFGUI-s-d.lib(VertexArrayRenderer.obj)' or at 'C:\Users\Mi Ra\source\repos\game\Debug\SFGUI.pdb'; linking object as if no debug info
SFGUI-s-d.lib(VertexBufferRenderer.obj) : warning LNK4099: PDB 'SFGUI.pdb' was not found with 'SFGUI-s-d.lib(VertexBufferRenderer.obj)' or at 'C:\Users\Mi Ra\source\repos\game\Debug\SFGUI.pdb'; linking object as if no debug info
SFGUI-s-d.lib(ResourceManager.obj) : warning LNK4099: PDB 'SFGUI.pdb' was not found with 'SFGUI-s-d.lib(ResourceManager.obj)' or at 'C:\Users\Mi Ra\source\repos\game\Debug\SFGUI.pdb'; linking object as if no debug info
SFGUI-s-d.lib(SFGUI.obj) : warning LNK4099: PDB 'SFGUI.pdb' was not found with 'SFGUI-s-d.lib(SFGUI.obj)' or at 'C:\Users\Mi Ra\source\repos\game\Debug\SFGUI.pdb'; linking object as if no debug info
SFGUI-s-d.lib(Selector.obj) : warning LNK4099: PDB 'SFGUI.pdb' was not found with 'SFGUI-s-d.lib(Selector.obj)' or at 'C:\Users\Mi Ra\source\repos\game\Debug\SFGUI.pdb'; linking object as if no debug info
SFGUI-s-d.lib(Signal.obj) : warning LNK4099: PDB 'SFGUI.pdb' was not found with 'SFGUI-s-d.lib(Signal.obj)' or at 'C:\Users\Mi Ra\source\repos\game\Debug\SFGUI.pdb'; linking object as if no debug info
SFGUI-s-d.lib(Viewport.obj) : warning LNK4099: PDB 'SFGUI.pdb' was not found with 'SFGUI-s-d.lib(Viewport.obj)' or at 'C:\Users\Mi Ra\source\repos\game\Debug\SFGUI.pdb'; linking object as if no debug info
SFGUI-s-d.lib(Widget.obj) : warning LNK4099: PDB 'SFGUI.pdb' was not found with 'SFGUI-s-d.lib(Widget.obj)' or at 'C:\Users\Mi Ra\source\repos\game\Debug\SFGUI.pdb'; linking object as if no debug info
SFGUI-s-d.lib(Button.cpp.obj) : warning LNK4099: PDB 'SFGUI.pdb' was not found with 'SFGUI-s-d.lib(Button.cpp.obj)' or at 'C:\Users\Mi Ra\source\repos\game\Debug\SFGUI.pdb'; linking object as if no debug info
SFGUI-s-d.lib(ComboBox.cpp.obj) : warning LNK4099: PDB 'SFGUI.pdb' was not found with 'SFGUI-s-d.lib(ComboBox.cpp.obj)' or at 'C:\Users\Mi Ra\source\repos\game\Debug\SFGUI.pdb'; linking object as if no debug info
SFGUI-s-d.lib(Button.cpp.obj) : warning LNK4099: PDB 'SFGUI.pdb' was not found with 'SFGUI-s-d.lib(Button.cpp.obj)' or at 'C:\Users\Mi Ra\source\repos\game\Debug\SFGUI.pdb'; linking object as if no debug info
SFGUI-s-d.lib(CheckButton.cpp.obj) : warning LNK4099: PDB 'SFGUI.pdb' was not found with 'SFGUI-s-d.lib(CheckButton.cpp.obj)' or at 'C:\Users\Mi Ra\source\repos\game\Debug\SFGUI.pdb'; linking object as if no debug info
SFGUI-s-d.lib(ComboBox.cpp.obj) : warning LNK4099: PDB 'SFGUI.pdb' was not found with 'SFGUI-s-d.lib(ComboBox.cpp.obj)' or at 'C:\Users\Mi Ra\source\repos\game\Debug\SFGUI.pdb'; linking object as if no debug info
SFGUI-s-d.lib(Entry.cpp.obj) : warning LNK4099: PDB 'SFGUI.pdb' was not found with 'SFGUI-s-d.lib(Entry.cpp.obj)' or at 'C:\Users\Mi Ra\source\repos\game\Debug\SFGUI.pdb'; linking object as if no debug info
SFGUI-s-d.lib(Frame.cpp.obj) : warning LNK4099: PDB 'SFGUI.pdb' was not found with 'SFGUI-s-d.lib(Frame.cpp.obj)' or at 'C:\Users\Mi Ra\source\repos\game\Debug\SFGUI.pdb'; linking object as if no debug info
SFGUI-s-d.lib(Image.cpp.obj) : warning LNK4099: PDB 'SFGUI.pdb' was not found with 'SFGUI-s-d.lib(Image.cpp.obj)' or at 'C:\Users\Mi Ra\source\repos\game\Debug\SFGUI.pdb'; linking object as if no debug info
SFGUI-s-d.lib(Label.cpp.obj) : warning LNK4099: PDB 'SFGUI.pdb' was not found with 'SFGUI-s-d.lib(Label.cpp.obj)' or at 'C:\Users\Mi Ra\source\repos\game\Debug\SFGUI.pdb'; linking object as if no debug info
SFGUI-s-d.lib(Notebook.cpp.obj) : warning LNK4099: PDB 'SFGUI.pdb' was not found with 'SFGUI-s-d.lib(Notebook.cpp.obj)' or at 'C:\Users\Mi Ra\source\repos\game\Debug\SFGUI.pdb'; linking object as if no debug info
SFGUI-s-d.lib(ProgressBar.cpp.obj) : warning LNK4099: PDB 'SFGUI.pdb' was not found with 'SFGUI-s-d.lib(ProgressBar.cpp.obj)' or at 'C:\Users\Mi Ra\source\repos\game\Debug\SFGUI.pdb'; linking object as if no debug info
SFGUI-s-d.lib(Scale.cpp.obj) : warning LNK4099: PDB 'SFGUI.pdb' was not found with 'SFGUI-s-d.lib(Scale.cpp.obj)' or at 'C:\Users\Mi Ra\source\repos\game\Debug\SFGUI.pdb'; linking object as if no debug info
SFGUI-s-d.lib(Scrollbar.cpp.obj) : warning LNK4099: PDB 'SFGUI.pdb' was not found with 'SFGUI-s-d.lib(Scrollbar.cpp.obj)' or at 'C:\Users\Mi Ra\source\repos\game\Debug\SFGUI.pdb'; linking object as if no debug info
SFGUI-s-d.lib(ScrolledWindow.cpp.obj) : warning LNK4099: PDB 'SFGUI.pdb' was not found with 'SFGUI-s-d.lib(ScrolledWindow.cpp.obj)' or at 'C:\Users\Mi Ra\source\repos\game\Debug\SFGUI.pdb'; linking object as if no debug info
SFGUI-s-d.lib(Separator.cpp.obj) : warning LNK4099: PDB 'SFGUI.pdb' was not found with 'SFGUI-s-d.lib(Separator.cpp.obj)' or at 'C:\Users\Mi Ra\source\repos\game\Debug\SFGUI.pdb'; linking object as if no debug info
SFGUI-s-d.lib(SpinButton.cpp.obj) : warning LNK4099: PDB 'SFGUI.pdb' was not found with 'SFGUI-s-d.lib(SpinButton.cpp.obj)' or at 'C:\Users\Mi Ra\source\repos\game\Debug\SFGUI.pdb'; linking object as if no debug info
SFGUI-s-d.lib(Spinner.cpp.obj) : warning LNK4099: PDB 'SFGUI.pdb' was not found with 'SFGUI-s-d.lib(Spinner.cpp.obj)' or at 'C:\Users\Mi Ra\source\repos\game\Debug\SFGUI.pdb'; linking object as if no debug info
SFGUI-s-d.lib(ToggleButton.cpp.obj) : warning LNK4099: PDB 'SFGUI.pdb' was not found with 'SFGUI-s-d.lib(ToggleButton.cpp.obj)' or at 'C:\Users\Mi Ra\source\repos\game\Debug\SFGUI.pdb'; linking object as if no debug info
SFGUI-s-d.lib(Window.cpp.obj) : warning LNK4099: PDB 'SFGUI.pdb' was not found with 'SFGUI-s-d.lib(Window.cpp.obj)' or at 'C:\Users\Mi Ra\source\repos\game\Debug\SFGUI.pdb'; linking object as if no debug info
SFGUI-s-d.lib(Entry.cpp.obj) : warning LNK4099: PDB 'SFGUI.pdb' was not found with 'SFGUI-s-d.lib(Entry.cpp.obj)' or at 'C:\Users\Mi Ra\source\repos\game\Debug\SFGUI.pdb'; linking object as if no debug info
SFGUI-s-d.lib(Frame.cpp.obj) : warning LNK4099: PDB 'SFGUI.pdb' was not found with 'SFGUI-s-d.lib(Frame.cpp.obj)' or at 'C:\Users\Mi Ra\source\repos\game\Debug\SFGUI.pdb'; linking object as if no debug info
SFGUI-s-d.lib(Image.cpp.obj) : warning LNK4099: PDB 'SFGUI.pdb' was not found with 'SFGUI-s-d.lib(Image.cpp.obj)' or at 'C:\Users\Mi Ra\source\repos\game\Debug\SFGUI.pdb'; linking object as if no debug info
SFGUI-s-d.lib(Label.cpp.obj) : warning LNK4099: PDB 'SFGUI.pdb' was not found with 'SFGUI-s-d.lib(Label.cpp.obj)' or at 'C:\Users\Mi Ra\source\repos\game\Debug\SFGUI.pdb'; linking object as if no debug info
SFGUI-s-d.lib(Notebook.cpp.obj) : warning LNK4099: PDB 'SFGUI.pdb' was not found with 'SFGUI-s-d.lib(Notebook.cpp.obj)' or at 'C:\Users\Mi Ra\source\repos\game\Debug\SFGUI.pdb'; linking object as if no debug info
SFGUI-s-d.lib(ProgressBar.cpp.obj) : warning LNK4099: PDB 'SFGUI.pdb' was not found with 'SFGUI-s-d.lib(ProgressBar.cpp.obj)' or at 'C:\Users\Mi Ra\source\repos\game\Debug\SFGUI.pdb'; linking object as if no debug info
SFGUI-s-d.lib(Scale.cpp.obj) : warning LNK4099: PDB 'SFGUI.pdb' was not found with 'SFGUI-s-d.lib(Scale.cpp.obj)' or at 'C:\Users\Mi Ra\source\repos\game\Debug\SFGUI.pdb'; linking object as if no debug info
SFGUI-s-d.lib(Scrollbar.cpp.obj) : warning LNK4099: PDB 'SFGUI.pdb' was not found with 'SFGUI-s-d.lib(Scrollbar.cpp.obj)' or at 'C:\Users\Mi Ra\source\repos\game\Debug\SFGUI.pdb'; linking object as if no debug info
SFGUI-s-d.lib(ScrolledWindow.cpp.obj) : warning LNK4099: PDB 'SFGUI.pdb' was not found with 'SFGUI-s-d.lib(ScrolledWindow.cpp.obj)' or at 'C:\Users\Mi Ra\source\repos\game\Debug\SFGUI.pdb'; linking object as if no debug info
SFGUI-s-d.lib(Separator.cpp.obj) : warning LNK4099: PDB 'SFGUI.pdb' was not found with 'SFGUI-s-d.lib(Separator.cpp.obj)' or at 'C:\Users\Mi Ra\source\repos\game\Debug\SFGUI.pdb'; linking object as if no debug info
SFGUI-s-d.lib(SpinButton.cpp.obj) : warning LNK4099: PDB 'SFGUI.pdb' was not found with 'SFGUI-s-d.lib(SpinButton.cpp.obj)' or at 'C:\Users\Mi Ra\source\repos\game\Debug\SFGUI.pdb'; linking object as if no debug info
SFGUI-s-d.lib(Spinner.cpp.obj) : warning LNK4099: PDB 'SFGUI.pdb' was not found with 'SFGUI-s-d.lib(Spinner.cpp.obj)' or at 'C:\Users\Mi Ra\source\repos\game\Debug\SFGUI.pdb'; linking object as if no debug info
SFGUI-s-d.lib(ToggleButton.cpp.obj) : warning LNK4099: PDB 'SFGUI.pdb' was not found with 'SFGUI-s-d.lib(ToggleButton.cpp.obj)' or at 'C:\Users\Mi Ra\source\repos\game\Debug\SFGUI.pdb'; linking object as if no debug info
SFGUI-s-d.lib(Window.cpp.obj) : warning LNK4099: PDB 'SFGUI.pdb' was not found with 'SFGUI-s-d.lib(Window.cpp.obj)' or at 'C:\Users\Mi Ra\source\repos\game\Debug\SFGUI.pdb'; linking object as if no debug info
  game.vcxproj -> C:\Users\Mi Ra\source\repos\game\Debug\game.exe
